<?xml version="1.0" encoding="UTF-8"?>
<testsuite name="com.example.project.StudentTest" tests="7" skipped="0" failures="0" errors="0" timestamp="2024-10-01T16:06:56" hostname="codespaces-4be6f6" time="0.064">
  <properties/>
  <testcase name="testIsPassing()" classname="com.example.project.StudentTest" time="0.02"/>
  <testcase name="testGetLastName()" classname="com.example.project.StudentTest" time="0.005"/>
  <testcase name="testGetFirstName()" classname="com.example.project.StudentTest" time="0.001"/>
  <testcase name="testSAddTestScore()" classname="com.example.project.StudentTest" time="0.001"/>
  <testcase name="testGetHighestTestScore()" classname="com.example.project.StudentTest" time="0.003"/>
  <testcase name="testSetGradYear()" classname="com.example.project.StudentTest" time="0.004"/>
  <testcase name="testAverageTestScore()" classname="com.example.project.StudentTest" time="0.003"/>
  <system-out><![CDATA[]]></system-out>
  <system-err><![CDATA[]]></system-err>
</testsuite>
